21:42:29.762 [main                     ] DEBUG Logger               - Configured Logger
21:42:29.791 [main                     ] DEBUG GameApplication      - Logging settings
Title: Pong
Version: 0.1
Width: 800
Height: 600
Fullscreen: false
Intro: false
Profiling: false
Single step:false
App Mode: DEVELOPER
Menu Key: ESCAPE
Stage Style: DECORATED
Scene Factory: class com.almasb.fxgl.app.scene.SceneFactory

21:42:30.091 [JavaFX Application Thread] DEBUG FXGLApplication      - Initializing FXGL
21:42:30.096 [JavaFX Application Thread] INFO  Engine               - FXGL-17.3 (30.03.2023 11.49) on WINDOWS (J:22.0.1 FX:22-ea)
21:42:30.096 [JavaFX Application Thread] DEBUG Engine               - JRE Vendor Name: Oracle Corporation
21:42:30.096 [JavaFX Application Thread] DEBUG Engine               - Running on OS: Windows 11 version 10.0
21:42:30.096 [JavaFX Application Thread] DEBUG Engine               - Architecture: amd64
21:42:30.097 [JavaFX Application Thread] INFO  Engine               - Source code and latest versions at: https://github.com/AlmasB/FXGL
21:42:30.097 [JavaFX Application Thread] INFO  Engine               -       Ask questions and discuss at: https://github.com/AlmasB/FXGL/discussions
21:42:30.097 [JavaFX Application Thread] INFO  Engine               -              Join the FXGL chat at: https://gitter.im/AlmasB/FXGL
21:42:30.197 [JavaFX Application Thread] DEBUG PrimaryStageWindow   - Creating a JavaFX scene
21:42:30.244 [JavaFX Application Thread] DEBUG PrimaryStageWindow   - Target settings size: 800.0 x 600.0
21:42:30.244 [JavaFX Application Thread] DEBUG PrimaryStageWindow   - Scaled scene size:    800.0 x 600.0
21:42:30.244 [JavaFX Application Thread] DEBUG PrimaryStageWindow   - Scaled ratio: (1.0, 1.0)
21:42:30.246 [JavaFX Application Thread] DEBUG PrimaryStageWindow   - Set initial scene to FXGLStartupScene
21:42:30.250 [JavaFX Application Thread] DEBUG PrimaryStageWindow   - Opening main window
21:42:30.332 [JavaFX Application Thread] DEBUG PrimaryStageWindow   - Window border size: (14.4000244140625, 37.5999755859375)
21:42:30.332 [JavaFX Application Thread] DEBUG PrimaryStageWindow   - Scaled size: 800.0 x 600.0
21:42:30.332 [JavaFX Application Thread] DEBUG PrimaryStageWindow   - Scaled ratio: (1.0, 1.0)
21:42:30.332 [JavaFX Application Thread] DEBUG PrimaryStageWindow   - Scene size: 800.0 x 600.0
21:42:30.333 [JavaFX Application Thread] DEBUG PrimaryStageWindow   - Stage size: 814.4000244140625 x 637.5999755859375
21:42:30.342 [FXGL Background Thread 1 ] DEBUG Engine               - Initializing environment variables
21:42:30.406 [FXGL Background Thread 1 ] DEBUG FXGLAssetLoaderServi - User app class for loading assets: class com.esercizi.javafx.pongjava.HelloApplication
21:42:30.406 [FXGL Background Thread 1 ] DEBUG GameApplicationServi - Applying CSS: fxgl_dark.css
21:42:30.407 [FXGL Background Thread 1 ] DEBUG FXGLAssetLoaderServi - Loading from file system: jar:file:///C:/Users/sicur/.m2/repository/com/github/almasb/fxgl/17.3/fxgl-17.3.jar!/fxglassets/ui/css/fxgl_dark.css
21:42:30.462 [FXGL Background Thread 1 ] DEBUG GameApplicationServi - Initializing application scenes
21:42:30.552 [FXGL Background Thread 1 ] DEBUG GameWorld            - Game world initialized
21:42:30.615 [FXGL Background Thread 1 ] DEBUG PhysicsWorld         - Physics world initialized: appHeight=600, physics.ppm=50,0
21:42:30.615 [FXGL Background Thread 1 ] DEBUG PhysicsWorld         - Using strategy: BRUTE_FORCE
21:42:30.619 [FXGL Background Thread 1 ] DEBUG GameScene            - Game scene initialized: 800x600
21:42:30.633 [FXGL Background Thread 1 ] DEBUG FXGL.DefaultMenu     - createMenuBodyGameMenu()
21:42:30.647 [FXGL Background Thread 1 ] DEBUG FXGL.DefaultMenu     - createOptionsMenu()
21:42:30.658 [FXGL Background Thread 1 ] DEBUG FXGLAssetLoaderServi - Loading from file system: jar:file:///C:/Users/sicur/.m2/repository/com/github/almasb/fxgl/17.3/fxgl-17.3.jar!/fxglassets/textures/particles/smoke.png
21:42:30.757 [FXGL Background Thread 1 ] DEBUG FXGLAssetLoaderServi - Loading from file system: jar:file:///C:/Users/sicur/.m2/repository/com/github/almasb/fxgl/17.3/fxgl-17.3.jar!/fxglassets/textures/particles/trace_horizontal.png
21:42:30.789 [FXGL Background Thread 1 ] DEBUG GameApplicationServi - Application scenes initialized
21:42:30.805 [FXGL Background Thread 1 ] DEBUG SystemBundleService  - Loading FXGL system data
21:42:30.810 [FXGL Background Thread 1 ] DEBUG FileSystemAccess     - Reading from: C:\Users\sicur\IdeaProjects\PongJava\system\fxgl.bundle
21:42:30.818 [FXGL Background Thread 1 ] DEBUG SystemBundleService  - Bundle FXGL: {}
21:42:30.818 [FXGL Background Thread 1 ] DEBUG UpdaterService       - Checking for updates
21:42:30.829 [FXGL Background Thread 1 ] DEBUG FXGLApplication      - Loading default localization
21:42:30.829 [FXGL Background Thread 1 ] DEBUG FXGLAssetLoaderServi - Loading from file system: jar:file:///C:/Users/sicur/.m2/repository/com/github/almasb/fxgl/17.3/fxgl-17.3.jar!/fxglassets/languages/english.lang
21:42:30.829 [FXGL Background Thread 4 ] DEBUG FXGLApplication      - Loading fonts
21:42:30.837 [FXGL Background Thread 4 ] DEBUG FXGLAssetLoaderServi - Loading from file system: jar:file:///C:/Users/sicur/.m2/repository/com/github/almasb/fxgl/17.3/fxgl-17.3.jar!/fxglassets/ui/fonts/VarelaRound-Regular.ttf
21:42:30.875 [FXGL Background Thread 1 ] INFO  FXGLApplication      - FXGL initialization took: 0,533 sec
21:42:30.877 [JavaFX Application Thread] DEBUG FXGLAssetLoaderServi - Loading from file system: jar:file:///C:/Users/sicur/.m2/repository/com/github/almasb/fxgl/17.3/fxgl-17.3.jar!/fxglassets/textures/fxgl_icon.png
21:42:30.879 [FXGL Background Thread 4 ] DEBUG FXGLAssetLoaderServi - Loading from file system: jar:file:///C:/Users/sicur/.m2/repository/com/github/almasb/fxgl/17.3/fxgl-17.3.jar!/fxglassets/ui/fonts/Abel-Regular.ttf
21:42:30.884 [FXGL Background Thread 4 ] DEBUG FXGLAssetLoaderServi - Loading from file system: jar:file:///C:/Users/sicur/.m2/repository/com/github/almasb/fxgl/17.3/fxgl-17.3.jar!/fxglassets/ui/fonts/TerminalLandMono-Regular.otf
21:42:30.899 [JavaFX Application Thread] DEBUG FXGLAssetLoaderServi - Loading from file system: jar:file:///C:/Users/sicur/.m2/repository/com/github/almasb/fxgl/17.3/fxgl-17.3.jar!/fxglassets/textures/fxgl_default_cursor.png
21:42:30.902 [FXGL Background Thread 4 ] DEBUG FXGLAssetLoaderServi - Loading from file system: jar:file:///C:/Users/sicur/.m2/repository/com/github/almasb/fxgl/17.3/fxgl-17.3.jar!/fxglassets/ui/fonts/Courier-Prime.ttf
21:42:30.909 [JavaFX Application Thread] DEBUG Input                - Registered new binding: Screenshot - CTRL+8
21:42:30.910 [JavaFX Application Thread] DEBUG Input                - Registered new binding: System info dump - CTRL+9
21:42:30.910 [JavaFX Application Thread] DEBUG Input                - Registered new binding: Restart - CTRL+R
21:42:30.911 [JavaFX Application Thread] DEBUG Input                - Registered new binding: Toggle Debug Camera - CTRL+7
21:42:30.913 [JavaFX Application Thread] DEBUG LoopRunner           - Starting loop
21:42:30.913 [JavaFX Application Thread] DEBUG LoopRunner           - Initializing JavaFX AnimationTimerLoop
21:42:30.914 [JavaFX Application Thread] DEBUG GameApplicationServi - Starting new game
21:42:30.915 [JavaFX Application Thread] DEBUG Input                - Clearing active input actions
21:42:30.935 [JavaFX Application Thread] DEBUG GameApplicationServi - Removing overlay from FXGLStartupScene and adding to FXGLLoadingScene
21:42:30.935 [JavaFX Application Thread] DEBUG PrimaryStageWindow   - FXGLStartupScene -> FXGLLoadingScene
21:42:30.935 [JavaFX Application Thread] DEBUG GameApplicationServi - Clearing previous game
21:42:30.935 [JavaFX Application Thread] DEBUG GameScene            - Clearing game scene
21:42:30.935 [JavaFX Application Thread] DEBUG GameWorld            - Clearing game world
21:42:30.936 [JavaFX Application Thread] DEBUG PhysicsWorld         - Clearing physics world
21:42:30.939 [FXGL Background Thread 4 ] DEBUG FXGLApplication      - Initializing game
21:42:30.939 [JavaFX Application Thread] DEBUG FXGLApplication      - Registering font factories with UI factory
21:42:31.127 [JavaFX Application Thread] DEBUG LoopRunner           - Stopping loop
21:42:31.129 [JavaFX Application Thread] FATAL FXGLApplication      - Uncaught Exception:
java.lang.RuntimeException: Initialization failed
	at com.almasb.fxgl.all@17.3/com.almasb.fxgl.app.FXGLApplication$InitAppTask.failed(FXGLApplication.kt:343)
	at javafx.graphics@22-ea/javafx.concurrent.Task.setState(Task.java:710)
	at javafx.graphics@22-ea/javafx.concurrent.Task$TaskCallable.lambda$call$2(Task.java:1429)
	at javafx.graphics@22-ea/com.sun.javafx.application.PlatformImpl.lambda$runLater$10(PlatformImpl.java:456)
	at java.base/java.security.AccessController.doPrivileged(AccessController.java:400)
	at javafx.graphics@22-ea/com.sun.javafx.application.PlatformImpl.lambda$runLater$11(PlatformImpl.java:455)
	at javafx.graphics@22-ea/com.sun.glass.ui.InvokeLaterDispatcher$Future.run(InvokeLaterDispatcher.java:95)
	at javafx.graphics@22-ea/com.sun.glass.ui.win.WinApplication._runLoop(Native Method)
	at javafx.graphics@22-ea/com.sun.glass.ui.win.WinApplication.lambda$runLoop$3(WinApplication.java:185)
	at java.base/java.lang.Thread.run(Thread.java:1570)
Caused by: java.lang.IllegalArgumentException: wrong number of arguments: 1 expected: 0
	at java.base/jdk.internal.reflect.DirectMethodHandleAccessor.checkArgumentCount(DirectMethodHandleAccessor.java:330)
	at java.base/jdk.internal.reflect.DirectMethodHandleAccessor.invoke(DirectMethodHandleAccessor.java:101)
	at java.base/java.lang.reflect.Method.invoke(Method.java:580)
	at com.almasb.fxgl.core@17.3/com.almasb.fxgl.core.reflect.ReflectionUtils.call(ReflectionUtils.java:104)
	at com.almasb.fxgl.core@17.3/com.almasb.fxgl.core.reflect.ReflectionUtils.lambda$mapToFunction$3(ReflectionUtils.java:111)
	at com.almasb.fxgl.entity@17.3/com.almasb.fxgl.entity.GameWorld$create$2.invoke(GameWorld.kt:430)
	at com.almasb.fxgl.entity@17.3/com.almasb.fxgl.entity.GameWorld$create$2.invoke(GameWorld.kt:430)
	at com.almasb.fxgl.core@17.3/com.almasb.fxgl.core.util.DSLKt.tryCatchRoot(DSL.kt:34)
	at com.almasb.fxgl.entity@17.3/com.almasb.fxgl.entity.GameWorld.create(GameWorld.kt:430)
	at com.almasb.fxgl.entity@17.3/com.almasb.fxgl.entity.GameWorld.spawn(GameWorld.kt:396)
	at com.almasb.fxgl.entity@17.3/com.almasb.fxgl.entity.GameWorld.spawn(GameWorld.kt:384)
	at com.almasb.fxgl.entity@17.3/com.almasb.fxgl.entity.GameWorld.spawn(GameWorld.kt:359)
	at com.almasb.fxgl.all@17.3/com.almasb.fxgl.dsl.FXGL$Companion.spawn(FXGL.kt:555)
	at com.almasb.fxgl.all@17.3/com.almasb.fxgl.dsl.FXGL.spawn(FXGL.kt)
	at com.esercizi.javafx.pongjava/com.esercizi.javafx.pongjava.HelloApplication.initGame(HelloApplication.java:33)
	at com.almasb.fxgl.all@17.3/com.almasb.fxgl.app.FXGLApplication$InitAppTask.initGame(FXGLApplication.kt:339)
	at com.almasb.fxgl.all@17.3/com.almasb.fxgl.app.FXGLApplication$InitAppTask.call(FXGLApplication.kt:319)
	at com.almasb.fxgl.all@17.3/com.almasb.fxgl.app.FXGLApplication$InitAppTask.call(FXGLApplication.kt:311)
	at javafx.graphics@22-ea/javafx.concurrent.Task$TaskCallable.call(Task.java:1399)
	at java.base/java.util.concurrent.FutureTask.run(FutureTask.java:317)
	at java.base/java.util.concurrent.Executors$RunnableAdapter.call(Executors.java:572)
	at java.base/java.util.concurrent.FutureTask.run(FutureTask.java:317)
	at java.base/java.util.concurrent.ThreadPoolExecutor.runWorker(ThreadPoolExecutor.java:1144)
	at java.base/java.util.concurrent.ThreadPoolExecutor$Worker.run(ThreadPoolExecutor.java:642)
	... 1 more

21:42:31.129 [JavaFX Application Thread] FATAL FXGLApplication      - Application will now exit
21:42:31.154 [JavaFX Application Thread] DEBUG PrimaryStageWindow   - Push state: ErrorSubScene
21:42:31.155 [JavaFX Application Thread] DEBUG Input                - Clearing active input actions
21:42:31.162 [JavaFX Application Thread] DEBUG GameApplicationServi - Removing overlay from FXGLLoadingScene and adding to ErrorSubScene
21:42:31.163 [JavaFX Application Thread] DEBUG PrimaryStageWindow   - FXGLLoadingScene -> ErrorSubScene
21:42:31.463 [FXGL Background Thread 2 ] INFO  UpdaterService       - Your current version:  17.3
21:42:31.463 [FXGL Background Thread 2 ] INFO  UpdaterService       - Latest stable version: 21.1
21:42:33.825 [FXGL Background Thread 3 ] DEBUG Engine               - Logging environment variables
21:42:33.825 [FXGL Background Thread 3 ] DEBUG Engine               - achievements: []
21:42:33.825 [FXGL Background Thread 3 ] DEBUG Engine               - actualHeight: 600.0
21:42:33.826 [FXGL Background Thread 3 ] DEBUG Engine               - actualHeightProperty: ReadOnlyDoubleProperty [value: 600.0]
21:42:33.826 [FXGL Background Thread 3 ] DEBUG Engine               - actualWidth: 800.0
21:42:33.826 [FXGL Background Thread 3 ] DEBUG Engine               - actualWidthProperty: ReadOnlyDoubleProperty [value: 800.0]
21:42:33.826 [FXGL Background Thread 3 ] DEBUG Engine               - appIcon: fxgl_icon.png
21:42:33.826 [FXGL Background Thread 3 ] DEBUG Engine               - applicationMode: DEVELOPER
21:42:33.826 [FXGL Background Thread 3 ] DEBUG Engine               - cSSList: [fxgl_dark.css]
21:42:33.826 [FXGL Background Thread 3 ] DEBUG Engine               - collisionDetectionStrategy: BRUTE_FORCE
21:42:33.826 [FXGL Background Thread 3 ] DEBUG Engine               - configClass: Optional.empty
21:42:33.826 [FXGL Background Thread 3 ] DEBUG Engine               - credits: []
21:42:33.826 [FXGL Background Thread 3 ] DEBUG Engine               - defaultCursor: CursorInfo(imageName=fxgl_default_cursor.png, hotspotX=7.0, hotspotY=6.0)
21:42:33.826 [FXGL Background Thread 3 ] DEBUG Engine               - devBBoxColorProperty: ObjectProperty [value: 0xff0000ff]
21:42:33.827 [FXGL Background Thread 3 ] DEBUG Engine               - devEnableDebugCameraProperty: BooleanProperty [value: false]
21:42:33.827 [FXGL Background Thread 3 ] DEBUG Engine               - devSensorColorProperty: ObjectProperty [value: 0xffff00ff]
21:42:33.827 [FXGL Background Thread 3 ] DEBUG Engine               - devShowBBoxProperty: BooleanProperty [value: false]
21:42:33.827 [FXGL Background Thread 3 ] DEBUG Engine               - devShowPositionProperty: BooleanProperty [value: false]
21:42:33.827 [FXGL Background Thread 3 ] DEBUG Engine               - enabledMenuItems: []
21:42:33.827 [FXGL Background Thread 3 ] DEBUG Engine               - engineServices: [class com.almasb.fxgl.app.services.FXGLAssetLoaderService, class com.almasb.fxgl.app.FXGLApplication$GameApplicationService, class com.almasb.fxgl.app.services.FXGLDialogService, class com.almasb.fxgl.app.services.IOTaskExecutorService, class com.almasb.fxgl.io.FileSystemService, class com.almasb.fxgl.localization.LocalizationService, class com.almasb.fxgl.app.services.SystemBundleService, class com.almasb.fxgl.profile.SaveLoadService, class com.almasb.fxgl.ui.FXGLUIFactoryServiceProvider, class com.almasb.fxgl.ui.FXGLDialogFactoryServiceProvider, class com.almasb.fxgl.audio.AudioPlayer, class com.almasb.fxgl.notification.impl.NotificationServiceProvider, class com.almasb.fxgl.achievement.AchievementService, class com.almasb.fxgl.cutscene.CutsceneService, class com.almasb.fxgl.minigames.MiniGameService, class com.almasb.fxgl.net.NetService, class com.almasb.fxgl.app.services.UpdaterService, class com.almasb.fxgl.dev.DevService]
21:42:33.827 [FXGL Background Thread 3 ] DEBUG Engine               - fontGame: Abel-Regular.ttf
21:42:33.827 [FXGL Background Thread 3 ] DEBUG Engine               - fontMono: TerminalLandMono-Regular.otf
21:42:33.827 [FXGL Background Thread 3 ] DEBUG Engine               - fontSizeScaleUI: 1.0
21:42:33.827 [FXGL Background Thread 3 ] DEBUG Engine               - fontText: Courier-Prime.ttf
21:42:33.827 [FXGL Background Thread 3 ] DEBUG Engine               - fontUI: VarelaRound-Regular.ttf
21:42:33.827 [FXGL Background Thread 3 ] DEBUG Engine               - fullScreen: BooleanProperty [value: false]
21:42:33.827 [FXGL Background Thread 3 ] DEBUG Engine               - gameDifficulty: MEDIUM
21:42:33.827 [FXGL Background Thread 3 ] DEBUG Engine               - gameDifficultyProperty: ObjectProperty [value: MEDIUM]
21:42:33.827 [FXGL Background Thread 3 ] DEBUG Engine               - globalMusicVolume: 0.5
21:42:33.827 [FXGL Background Thread 3 ] DEBUG Engine               - globalMusicVolumeProperty: DoubleProperty [value: 0.5]
21:42:33.828 [FXGL Background Thread 3 ] DEBUG Engine               - globalSoundVolume: 0.5
21:42:33.828 [FXGL Background Thread 3 ] DEBUG Engine               - globalSoundVolumeProperty: DoubleProperty [value: 0.5]
21:42:33.828 [FXGL Background Thread 3 ] DEBUG Engine               - height: 600
21:42:33.828 [FXGL Background Thread 3 ] DEBUG Engine               - is3D: false
21:42:33.828 [FXGL Background Thread 3 ] DEBUG Engine               - isAndroid: false
21:42:33.828 [FXGL Background Thread 3 ] DEBUG Engine               - isBrowser: false
21:42:33.828 [FXGL Background Thread 3 ] DEBUG Engine               - isClickFeedbackEnabled: false
21:42:33.828 [FXGL Background Thread 3 ] DEBUG Engine               - isCloseConfirmation: false
21:42:33.828 [FXGL Background Thread 3 ] DEBUG Engine               - isDesktop: true
21:42:33.828 [FXGL Background Thread 3 ] DEBUG Engine               - isDeveloperMenuEnabled: false
21:42:33.828 [FXGL Background Thread 3 ] DEBUG Engine               - isEmbedded: false
21:42:33.828 [FXGL Background Thread 3 ] DEBUG Engine               - isEntityPreloadEnabled: true
21:42:33.828 [FXGL Background Thread 3 ] DEBUG Engine               - isExperimentalTiledLargeMap: false
21:42:33.828 [FXGL Background Thread 3 ] DEBUG Engine               - isFileSystemWriteAllowed: true
21:42:33.828 [FXGL Background Thread 3 ] DEBUG Engine               - isFullScreenAllowed: false
21:42:33.828 [FXGL Background Thread 3 ] DEBUG Engine               - isFullScreenFromStart: false
21:42:33.828 [FXGL Background Thread 3 ] DEBUG Engine               - isGameMenuEnabled: true
21:42:33.828 [FXGL Background Thread 3 ] DEBUG Engine               - isIOS: false
21:42:33.828 [FXGL Background Thread 3 ] DEBUG Engine               - isIntroEnabled: false
21:42:33.828 [FXGL Background Thread 3 ] DEBUG Engine               - isLinux: false
21:42:33.828 [FXGL Background Thread 3 ] DEBUG Engine               - isMac: false
21:42:33.828 [FXGL Background Thread 3 ] DEBUG Engine               - isMainMenuEnabled: false
21:42:33.828 [FXGL Background Thread 3 ] DEBUG Engine               - isManualResizeEnabled: false
21:42:33.828 [FXGL Background Thread 3 ] DEBUG Engine               - isMobile: false
21:42:33.829 [FXGL Background Thread 3 ] DEBUG Engine               - isNative: false
21:42:33.829 [FXGL Background Thread 3 ] DEBUG Engine               - isPauseMusicWhenMinimized: true
21:42:33.829 [FXGL Background Thread 3 ] DEBUG Engine               - isPreserveResizeRatio: false
21:42:33.829 [FXGL Background Thread 3 ] DEBUG Engine               - isProfilingEnabled: false
21:42:33.829 [FXGL Background Thread 3 ] DEBUG Engine               - isScaleAffectedOnResize: true
21:42:33.829 [FXGL Background Thread 3 ] DEBUG Engine               - isSingleStep: false
21:42:33.829 [FXGL Background Thread 3 ] DEBUG Engine               - isUserProfileEnabled: false
21:42:33.829 [FXGL Background Thread 3 ] DEBUG Engine               - isWindows: true
21:42:33.829 [FXGL Background Thread 3 ] DEBUG Engine               - language: ObjectProperty [value: ENGLISH]
21:42:33.829 [FXGL Background Thread 3 ] DEBUG Engine               - menuKey: ESCAPE
21:42:33.829 [FXGL Background Thread 3 ] DEBUG Engine               - mouseSensitivity: 0.2
21:42:33.829 [FXGL Background Thread 3 ] DEBUG Engine               - notificationViewClass: class com.almasb.fxgl.notification.view.XboxNotificationView
21:42:33.829 [FXGL Background Thread 3 ] DEBUG Engine               - pixelsPerMeter: 50.0
21:42:33.829 [FXGL Background Thread 3 ] DEBUG Engine               - platform: WINDOWS
21:42:33.829 [FXGL Background Thread 3 ] DEBUG Engine               - prefHeightProperty: ReadOnlyDoubleProperty [value: 600.0]
21:42:33.829 [FXGL Background Thread 3 ] DEBUG Engine               - prefWidthProperty: ReadOnlyDoubleProperty [value: 800.0]
21:42:33.830 [FXGL Background Thread 3 ] DEBUG Engine               - profileDir: profiles/
21:42:33.830 [FXGL Background Thread 3 ] DEBUG Engine               - profileName: StringProperty [value: DEFAULT]
21:42:33.830 [FXGL Background Thread 3 ] DEBUG Engine               - randomSeed: -1
21:42:33.830 [FXGL Background Thread 3 ] DEBUG Engine               - runtimeInfo: RuntimeInfo(platform=WINDOWS, version=17.3, build=30.03.2023 11.49)
21:42:33.830 [FXGL Background Thread 3 ] DEBUG Engine               - saveFileExt: sav
21:42:33.830 [FXGL Background Thread 3 ] DEBUG Engine               - scaledHeightProp$fxgl: DoubleProperty [bound, value: 600.0]
21:42:33.830 [FXGL Background Thread 3 ] DEBUG Engine               - scaledWidthProp$fxgl: DoubleProperty [bound, value: 800.0]
21:42:33.830 [FXGL Background Thread 3 ] DEBUG Engine               - sceneFactory: com.almasb.fxgl.app.scene.SceneFactory@2168c425
21:42:33.830 [FXGL Background Thread 3 ] DEBUG Engine               - secondsIn24h: 60
21:42:33.830 [FXGL Background Thread 3 ] DEBUG Engine               - soundMenuBack: menu/back.wav
21:42:33.830 [FXGL Background Thread 3 ] DEBUG Engine               - soundMenuPress: menu/press.wav
21:42:33.830 [FXGL Background Thread 3 ] DEBUG Engine               - soundMenuSelect: menu/select.wav
21:42:33.830 [FXGL Background Thread 3 ] DEBUG Engine               - soundNotification: core/notification.wav
21:42:33.830 [FXGL Background Thread 3 ] DEBUG Engine               - stageStyle: DECORATED
21:42:33.831 [FXGL Background Thread 3 ] DEBUG Engine               - supportedLanguages: [ENGLISH, FRENCH, GERMAN, HUNGARIAN, RUSSIAN]
21:42:33.831 [FXGL Background Thread 3 ] DEBUG Engine               - ticksPerSecond: -1
21:42:33.831 [FXGL Background Thread 3 ] DEBUG Engine               - title: Pong
21:42:33.831 [FXGL Background Thread 3 ] DEBUG Engine               - urlGithub: https://github.com/AlmasB/FXGL
21:42:33.831 [FXGL Background Thread 3 ] DEBUG Engine               - urlLeaderboard: http://fxgl-top.herokuapp.com/
21:42:33.831 [FXGL Background Thread 3 ] DEBUG Engine               - urlPOM: https://raw.githubusercontent.com/AlmasB/FXGL/release/README.md
21:42:33.831 [FXGL Background Thread 3 ] DEBUG Engine               - userAppClass: class com.esercizi.javafx.pongjava.HelloApplication
21:42:33.831 [FXGL Background Thread 3 ] DEBUG Engine               - version: 0.1
21:42:33.831 [FXGL Background Thread 3 ] DEBUG Engine               - versionCheckDays: 7
21:42:33.832 [FXGL Background Thread 3 ] DEBUG Engine               - width: 800
21:42:33.832 [FXGL Background Thread 3 ] DEBUG Engine               - Logging services
21:42:33.832 [FXGL Background Thread 3 ] DEBUG Engine               - class com.almasb.fxgl.app.services.FXGLAssetLoaderService
21:42:33.832 [FXGL Background Thread 3 ] DEBUG Engine               - class com.almasb.fxgl.app.FXGLApplication$GameApplicationService
21:42:33.832 [FXGL Background Thread 3 ] DEBUG Engine               - class com.almasb.fxgl.app.services.FXGLDialogService
21:42:33.832 [FXGL Background Thread 3 ] DEBUG Engine               - class com.almasb.fxgl.app.services.IOTaskExecutorService
21:42:33.832 [FXGL Background Thread 3 ] DEBUG Engine               - class com.almasb.fxgl.io.FileSystemService
21:42:33.832 [FXGL Background Thread 3 ] DEBUG Engine               - class com.almasb.fxgl.localization.LocalizationService
21:42:33.832 [FXGL Background Thread 3 ] DEBUG Engine               - class com.almasb.fxgl.app.services.SystemBundleService
21:42:33.832 [FXGL Background Thread 3 ] DEBUG Engine               - class com.almasb.fxgl.profile.SaveLoadService
21:42:33.832 [FXGL Background Thread 3 ] DEBUG Engine               - class com.almasb.fxgl.ui.FXGLUIFactoryServiceProvider
21:42:33.832 [FXGL Background Thread 3 ] DEBUG Engine               - class com.almasb.fxgl.ui.FXGLDialogFactoryServiceProvider
21:42:33.833 [FXGL Background Thread 3 ] DEBUG Engine               - class com.almasb.fxgl.audio.AudioPlayer
21:42:33.833 [FXGL Background Thread 3 ] DEBUG Engine               - class com.almasb.fxgl.notification.impl.NotificationServiceProvider
21:42:33.833 [FXGL Background Thread 3 ] DEBUG Engine               - class com.almasb.fxgl.achievement.AchievementService
21:42:33.833 [FXGL Background Thread 3 ] DEBUG Engine               - class com.almasb.fxgl.cutscene.CutsceneService
21:42:33.833 [FXGL Background Thread 3 ] DEBUG Engine               - class com.almasb.fxgl.minigames.MiniGameService
21:42:33.833 [FXGL Background Thread 3 ] DEBUG Engine               - class com.almasb.fxgl.net.NetService
21:42:33.833 [FXGL Background Thread 3 ] DEBUG Engine               - class com.almasb.fxgl.app.services.UpdaterService
21:42:33.833 [FXGL Background Thread 3 ] DEBUG Engine               - class com.almasb.fxgl.dev.DevService
21:43:26.251 [JavaFX Application Thread] DEBUG FXGLApplication      - Exiting FXGL
21:43:26.252 [JavaFX Application Thread] DEBUG Async                - Shutting down background threads
21:43:26.252 [JavaFX Application Thread] DEBUG PrimaryStageWindow   - Closing main window
21:43:26.279 [JavaFX Application Thread] DEBUG Logger               - Closing Logger
